{"logLevel":"debug","message":"multithreading is set to false"}
{"logLevel":"debug","message":"Using reflection to scan dependencies for gauge implementations..."}
log4j:WARN No appenders could be found for logger (io.grpc.netty.shaded.io.netty.util.internal.logging.InternalLoggerFactory).
log4j:WARN Please initialize the log4j system properly.
log4j:WARN See http://logging.apache.org/log4j/1.2/faq.html#noconfig for more info.
{"logLevel":"debug","message":"gauge-java took 438milliseconds to load and scan. This should be less than 'runner_connection_timeout' config value."}
{"logLevel":"debug","message":"run 'gauge config runner_connection_timeout' and verify that it is < 438"}
{"logLevel":"debug","message":"starting gRPC server..."}
{"logLevel":"debug","message":"started gRPC server on port 57942"}
{"logLevel":"info","message":"Listening on port:57942"}
{"logLevel":"debug","message":"Scanning packages for steps"}
{"logLevel":"debug","message":"Comparing 'BaseStep.SendkeyElementByid' and 'BaseStep.SendkeyElementByid'"}
{"logLevel":"debug","message":"Found {} İd'li elemente {} değerini yaz in current project scope."}
{"logLevel":"debug","message":"Comparing 'BaseStep.SendkeyElementByxpath' and 'BaseStep.SendkeyElementByxpath'"}
{"logLevel":"debug","message":"Found {} xpath'li elemente {} değerini yaz in current project scope."}
{"logLevel":"debug","message":"Comparing 'BaseStep.clickElementByid' and 'BaseStep.clickElementByid'"}
{"logLevel":"debug","message":"Found {} İd'li elemente tıkla in current project scope."}
{"logLevel":"debug","message":"Comparing 'BaseStep.clickElementByxpath' and 'BaseStep.clickElementByxpath'"}
{"logLevel":"debug","message":"Found {} xpath'li elemente tıkla in current project scope."}
{"logLevel":"debug","message":"Comparing 'BaseStep.waitForsecond' and 'BaseStep.waitForsecond'"}
{"logLevel":"debug","message":"Found {} kadar bekle in current project scope."}
{"logLevel":"debug","message":"Scanning packages for hooks"}
{"logLevel":"debug","message":"Scanned steps (using static parsing + reflections): "}
{"logLevel":"debug","message":"\t{} xpath'li elemente {} değerini yaz : public void SendkeyElementByxpath(String Key, String keywordc)"}
{"logLevel":"debug","message":"\t{} xpath'li elemente tıkla : public void clickElementByxpath(String Key)"}
{"logLevel":"debug","message":"\t{} İd'li elemente tıkla : public void clickElementByid(String Key)"}
{"logLevel":"debug","message":"\t{} kadar bekle : public void waitForsecond(int second) throws InterruptedException"}
{"logLevel":"debug","message":"\t{} İd'li elemente {} değerini yaz : public void SendkeyElementByid(String Key, String keywordc)"}
Lokalde Android  test ayağa kalktı 
May 22, 2022 1:55:14 PM io.appium.java_client.remote.AppiumCommandExecutor$1 lambda$0
INFO: Detected dialect: W3C
{"logLevel":"debug","message":"Executing '{} kadar bekle' using 'class BaseStep.waitForsecond"}
{"logLevel":"debug","message":"Executing '{} İd'li elemente tıkla' using 'class BaseStep.clickElementByid"}
com.lcwaikiki.android:id/tvNextElenitine tıklandı
{"logLevel":"debug","message":"Executing '{} xpath'li elemente tıkla' using 'class BaseStep.clickElementByxpath"}
